[debug] [2019-09-28T22:15:30.790Z] ----------------------------------------------------------------------
[debug] [2019-09-28T22:15:30.792Z] Command:       /home/kamil/.nvm/versions/node/v12.6.0/bin/node /home/kamil/.nvm/versions/node/v12.6.0/bin/firebase serve --only hosting
[debug] [2019-09-28T22:15:30.792Z] CLI Version:   7.4.0
[debug] [2019-09-28T22:15:30.792Z] Platform:      linux
[debug] [2019-09-28T22:15:30.792Z] Node Version:  v12.6.0
[debug] [2019-09-28T22:15:30.792Z] Time:          Sun Sep 29 2019 00:15:30 GMT+0200 (Central European Summer Time)
[debug] [2019-09-28T22:15:30.792Z] ----------------------------------------------------------------------
[debug] 
[debug] [2019-09-28T22:15:30.796Z] > command requires scopes: ["email","openid","https://www.googleapis.com/auth/cloudplatformprojects.readonly","https://www.googleapis.com/auth/firebase","https://www.googleapis.com/auth/cloud-platform"]
[debug] [2019-09-28T22:15:30.796Z] > authorizing via signed-in user
[debug] [2019-09-28T22:15:30.796Z] [iam] checking project damn-hungry-recipes-123ed for permissions ["firebase.projects.get"]
[debug] [2019-09-28T22:15:30.798Z] >>> HTTP REQUEST POST https://cloudresourcemanager.googleapis.com/v1/projects/damn-hungry-recipes-123ed:testIamPermissions  

[debug] [2019-09-28T22:15:31.863Z] <<< HTTP RESPONSE 200
[debug] [2019-09-28T22:15:31.865Z] >>> HTTP REQUEST GET https://firebase.googleapis.com/v1beta1/projects/damn-hungry-recipes-123ed  
 
[debug] [2019-09-28T22:15:32.180Z] <<< HTTP RESPONSE 200
[debug] [2019-09-28T22:15:32.183Z] >>> HTTP REQUEST GET https://firebase.googleapis.com/v1beta1/projects/damn-hungry-recipes-123ed/webApps/-/config  
 
[debug] [2019-09-28T22:15:32.807Z] <<< HTTP RESPONSE 200
[info] i  hosting: Serving hosting files from: build
[info] ✔  hosting: Local server: http://localhost:5000
[debug] [2019-09-28T22:30:46.243Z] ----------------------------------------------------------------------
[debug] [2019-09-28T22:30:46.244Z] Command:       /home/kamil/.nvm/versions/node/v12.6.0/bin/node /home/kamil/.nvm/versions/node/v12.6.0/bin/firebase serve --only hosting
[debug] [2019-09-28T22:30:46.244Z] CLI Version:   7.4.0
[debug] [2019-09-28T22:30:46.244Z] Platform:      linux
[debug] [2019-09-28T22:30:46.244Z] Node Version:  v12.6.0
[debug] [2019-09-28T22:30:46.245Z] Time:          Sun Sep 29 2019 00:30:46 GMT+0200 (Central European Summer Time)
[debug] [2019-09-28T22:30:46.245Z] ----------------------------------------------------------------------
[debug] 
[debug] [2019-09-28T22:30:46.249Z] > command requires scopes: ["email","openid","https://www.googleapis.com/auth/cloudplatformprojects.readonly","https://www.googleapis.com/auth/firebase","https://www.googleapis.com/auth/cloud-platform"]
[debug] [2019-09-28T22:30:46.249Z] > authorizing via signed-in user
[debug] [2019-09-28T22:30:46.249Z] [iam] checking project damn-hungry-recipes-123ed for permissions ["firebase.projects.get"]
[debug] [2019-09-28T22:30:46.250Z] >>> HTTP REQUEST POST https://cloudresourcemanager.googleapis.com/v1/projects/damn-hungry-recipes-123ed:testIamPermissions  

[debug] [2019-09-28T22:30:47.221Z] <<< HTTP RESPONSE 200
[debug] [2019-09-28T22:30:47.226Z] >>> HTTP REQUEST GET https://firebase.googleapis.com/v1beta1/projects/damn-hungry-recipes-123ed  
 
[debug] [2019-09-28T22:30:47.558Z] <<< HTTP RESPONSE 200
[debug] [2019-09-28T22:30:47.561Z] >>> HTTP REQUEST GET https://firebase.googleapis.com/v1beta1/projects/damn-hungry-recipes-123ed/webApps/-/config  
 
[debug] [2019-09-28T22:30:48.130Z] <<< HTTP RESPONSE 200
[info] i  hosting: Serving hosting files from: build
[info] ✔  hosting: Local server: http://localhost:5000
[debug] [2019-09-28T23:00:29.724Z] ----------------------------------------------------------------------
[debug] [2019-09-28T23:00:29.725Z] Command:       /home/kamil/.nvm/versions/node/v12.6.0/bin/node /home/kamil/.nvm/versions/node/v12.6.0/bin/firebase serve --only hosting
[debug] [2019-09-28T23:00:29.725Z] CLI Version:   7.4.0
[debug] [2019-09-28T23:00:29.725Z] Platform:      linux
[debug] [2019-09-28T23:00:29.725Z] Node Version:  v12.6.0
[debug] [2019-09-28T23:00:29.726Z] Time:          Sun Sep 29 2019 01:00:29 GMT+0200 (Central European Summer Time)
[debug] [2019-09-28T23:00:29.726Z] ----------------------------------------------------------------------
[debug] 
[debug] [2019-09-28T23:00:29.730Z] > command requires scopes: ["email","openid","https://www.googleapis.com/auth/cloudplatformprojects.readonly","https://www.googleapis.com/auth/firebase","https://www.googleapis.com/auth/cloud-platform"]
[debug] [2019-09-28T23:00:29.730Z] > authorizing via signed-in user
[debug] [2019-09-28T23:00:29.730Z] [iam] checking project damn-hungry-recipes-123ed for permissions ["firebase.projects.get"]
[debug] [2019-09-28T23:00:29.731Z] > refreshing access token with scopes: ["email","https://www.googleapis.com/auth/cloud-platform","https://www.googleapis.com/auth/cloudplatformprojects.readonly","https://www.googleapis.com/auth/firebase","openid"]
[debug] [2019-09-28T23:00:29.731Z] >>> HTTP REQUEST POST https://www.googleapis.com/oauth2/v3/token  
 <request body omitted>
[debug] [2019-09-28T23:00:29.922Z] <<< HTTP RESPONSE 200
[debug] [2019-09-28T23:00:29.963Z] >>> HTTP REQUEST POST https://cloudresourcemanager.googleapis.com/v1/projects/damn-hungry-recipes-123ed:testIamPermissions  

[debug] [2019-09-28T23:00:30.936Z] <<< HTTP RESPONSE 200
[debug] [2019-09-28T23:00:30.940Z] >>> HTTP REQUEST GET https://firebase.googleapis.com/v1beta1/projects/damn-hungry-recipes-123ed  
 
[debug] [2019-09-28T23:00:31.333Z] <<< HTTP RESPONSE 200
[debug] [2019-09-28T23:00:31.336Z] >>> HTTP REQUEST GET https://firebase.googleapis.com/v1beta1/projects/damn-hungry-recipes-123ed/webApps/-/config  
 
[debug] [2019-09-28T23:00:31.948Z] <<< HTTP RESPONSE 200
[warn] ⚠  hosting: Port 5000 is not available. Trying another port...
[info] i  hosting: Serving hosting files from: build
[info] ✔  hosting: Local server: http://localhost:5005
